[ERROR] Subfinder failed for 
[ERROR] HTTPX failed for 
[ERROR] Gau failed for 
[ERROR] Nuclei failed for 
[ERROR] Arjun failed for 
[ERROR] Dalfox failed for 
[ERROR] GetJS failed for 
[ERROR] ParamSpider failed for 
[ERROR] Nuclei S3 detection failed for 
[ERROR] Subfinder failed for 
[ERROR] Subfinder failed for viatorinc.com
[ERROR] HTTPX failed for viatorinc.com
[ERROR] Gau failed for viatorinc.com
[ERROR] Nuclei failed for viatorinc.com
[ERROR] Dalfox failed for viatorinc.com
[ERROR] GetJS failed for viatorinc.com
[ERROR] Nuclei S3 detection failed for viatorinc.com
[ERROR] Nuclei failed for viatorinc.com
[ERROR] Arjun failed for viatorinc.com
[ERROR] Dalfox failed for viatorinc.com
[ERROR] HTTPX failed for wu
[ERROR] Nuclei failed for wu
[ERROR] Arjun failed for wu
[ERROR] TLD list file not found: /home/dnl/Documents/projects/bughunt/tld_list.txt
[ERROR] Nuclei failed for viatorinc.com
[ERROR] Arjun failed for viatorinc.com
[ERROR] Dalfox failed for viatorinc.com
[ERROR] GetJS failed for viatorinc.com
[ERROR] ParamSpider failed for viatorinc.com
[ERROR] Nuclei S3 detection failed for viatorinc.com
[ERROR] Nuclei failed for wu
[ERROR] Arjun failed for wu
[ERROR] Dalfox failed for wu
[ERROR] GetJS failed for wu
[ERROR] ParamSpider failed for wu
[ERROR] Nuclei S3 detection failed for wu
[ERROR] Dalfox failed for wu.net
[ERROR] GetJS failed for wu.net
[ERROR] ParamSpider failed for wu.net
[ERROR] Nuclei failed for transferwise.com
[ERROR] Arjun failed for transferwise.com
[ERROR] Dalfox failed for transferwise.com
[ERROR] GetJS failed for transferwise.com
[ERROR] ParamSpider failed for transferwise.com
[ERROR] Gau failed for wu.com
[ERROR] Nuclei failed for wu.com
[ERROR] Arjun failed for wu.com
[ERROR] Dalfox failed for wu.com
[ERROR] Subfinder failed for wu.com
[ERROR] HTTPX failed for wu.com
[ERROR] Gau failed for wu.com
[ERROR] Nuclei failed for wu.com
[ERROR] Arjun failed for wu.com
[ERROR] Dalfox failed for wu.com
[ERROR] GetJS failed for wu.com
[ERROR] ParamSpider failed for wu.com
[ERROR] Nuclei S3 detection failed for wu.com
[ERROR] Gau failed for wu.com
[ERROR] Nuclei failed for wu.com
[ERROR] Arjun failed for wu.com
[ERROR] Dalfox failed for wu.com
[ERROR] GetJS failed for wu.com
[ERROR] ParamSpider failed for wu.com
[ERROR] Gau failed for westernunion.com
[ERROR] HTTPX failed for wu.com
[ERROR] Gau failed for wu.com
[ERROR] Arjun failed for wu.com
[ERROR] Dalfox failed for wu.com
[ERROR] ParamSpider failed for wu.com
[ERROR] Subfinder failed for westernunion.com
[ERROR] HTTPX failed for westernunion.com
[ERROR] Gau failed for westernunion.com
[ERROR] Arjun failed for westernunion.com
[ERROR] Dalfox failed for westernunion.com
[ERROR] ParamSpider failed for westernunion.com
[ERROR] HTTPX failed for wu.com
[ERROR] Gau failed for wu.com
[ERROR] Arjun failed for wu.com
[ERROR] Dalfox failed for wu.com
[ERROR] ParamSpider failed for wu.com
[ERROR] HTTPX failed for transferwise.com
[ERROR] Gau failed for transferwise.com
[ERROR] Arjun failed for transferwise.com
[ERROR] Dalfox failed for transferwise.com
[ERROR] ParamSpider failed for transferwise.com
[ERROR] HTTPX failed for wu.com
[ERROR] Gau failed for wu.com
[ERROR] Arjun failed for wu.com
[ERROR] Dalfox failed for wu.com
[ERROR] ParamSpider failed for wu.com
[ERROR] Subfinder failed for westernunion.com
[ERROR] HTTPX failed for westernunion.com
[ERROR] Gau failed for westernunion.com
[ERROR] Subfinder failed for transferwise.com
[ERROR] HTTPX failed for transferwise.com
[ERROR] Gau failed for transferwise.com
[ERROR] Arjun failed for transferwise.com
[ERROR] Dalfox failed for transferwise.com
[ERROR] ParamSpider failed for transferwise.com
[ERROR] HTTPX failed for wu.com
[ERROR] Gau failed for wu.com
[ERROR] Arjun failed for wu.com
[ERROR] Dalfox failed for wu.com
[ERROR] ParamSpider failed for wu.com
[ERROR] Subfinder failed for westernunion.com
[ERROR] HTTPX failed for westernunion.com
[ERROR] Gau failed for westernunion.com
[ERROR] Arjun failed for westernunion.com
[ERROR] Dalfox failed for westernunion.com
[ERROR] ParamSpider failed for westernunion.com
[ERROR] Gau failed for wu.com
[ERROR] Arjun failed for wu.com
[ERROR] Dalfox failed for wu.com
[ERROR] ParamSpider failed for wu.com
[ERROR] HTTPX failed for transferwise.com
[ERROR] Gau failed for transferwise.com
[ERROR] Gau failed for wu.com
[ERROR] Arjun failed for wu.com
[ERROR] Dalfox failed for wu.com
[ERROR] ParamSpider failed for wu.com
[ERROR] Subfinder failed for westernunion.com
[ERROR] HTTPX failed for westernunion.com
[ERROR] Gau failed for westernunion.com
[ERROR] HTTPX failed for wu.com
[ERROR] Gau failed for wu.com
[ERROR] Arjun failed for wu.com
[ERROR] Dalfox failed for wu.com
[ERROR] ParamSpider failed for wu.com
[ERROR] Subfinder failed for westernunion.com
[ERROR] HTTPX failed for westernunion.com
[ERROR] Gau failed for westernunion.com
[ERROR] Arjun failed for westernunion.com
[ERROR] Dalfox failed for westernunion.com
[ERROR] ParamSpider failed for westernunion.com
[ERROR] Gau failed for wu.com
[ERROR] Arjun failed for wu.com
[ERROR] Dalfox failed for wu.com
[ERROR] ParamSpider failed for wu.com
[ERROR] HTTPX failed for transferwise.com
[ERROR] Gau failed for transferwise.com
[ERROR] Arjun failed for transferwise.com
[ERROR] Dalfox failed for transferwise.com
[ERROR] ParamSpider failed for transferwise.com
[ERROR] Subfinder failed for wu.com
[ERROR] HTTPX failed for wu.com
[ERROR] Gau failed for wu.com
[ERROR] Arjun failed for wu.com
[ERROR] Dalfox failed for wu.com
[ERROR] ParamSpider failed for wu.com
[ERROR] Subfinder failed for westernunion.com
[ERROR] HTTPX failed for westernunion.com
[ERROR] Gau failed for westernunion.com
[ERROR] Arjun failed for westernunion.com
[ERROR] Dalfox failed for westernunion.com
[ERROR] ParamSpider failed for westernunion.com
[ERROR] Gau failed for wu.com
[ERROR] Arjun failed for wu.com
[ERROR] Dalfox failed for wu.com
[ERROR] ParamSpider failed for wu.com
[ERROR] Gau failed for transferwise.com
[ERROR] Arjun failed for transferwise.com
[ERROR] Dalfox failed for transferwise.com
[ERROR] ParamSpider failed for transferwise.com
[ERROR] Subfinder failed for wu.com
[ERROR] HTTPX failed for wu.com
[ERROR] Gau failed for wu.com
[ERROR] Arjun failed for wu.com
[ERROR] Dalfox failed for wu.com
[ERROR] ParamSpider failed for wu.com
[ERROR] Subfinder failed for westernunion.com
[ERROR] HTTPX failed for westernunion.com
[ERROR] Gau failed for westernunion.com
[ERROR] Arjun failed for westernunion.com
[ERROR] Dalfox failed for westernunion.com
[ERROR] ParamSpider failed for westernunion.com
[ERROR] Subfinder failed for wu.com
[ERROR] HTTPX failed for wu.com
[ERROR] Gau failed for wu.com
[ERROR] Arjun failed for wu.com
[ERROR] Dalfox failed for wu.com
[ERROR] ParamSpider failed for wu.com
[ERROR] Subfinder failed for transferwise.com
[ERROR] HTTPX failed for transferwise.com
[ERROR] Gau failed for transferwise.com
[ERROR] Arjun failed for transferwise.com
[ERROR] Dalfox failed for transferwise.com
[ERROR] ParamSpider failed for transferwise.com
[ERROR] Subfinder failed for viatorinc.com
[ERROR] No subdomains found for viatorinc.com
[ERROR] Gau failed for viatorinc.com
[ERROR] Subfinder failed for wu.com
[ERROR] No subdomains found for wu.com
[ERROR] Gau failed for wu.com
[ERROR] Gau failed for wu.com
[ERROR] Arjun failed for wu.com
[ERROR] Dalfox failed for wu.com
[ERROR] ParamSpider failed for wu.com
[ERROR] Subfinder failed for wu.com
[ERROR] HTTPX failed for wu.com
[ERROR] Gau failed for wu.com
[ERROR] Arjun failed for wu.com
[ERROR] Dalfox failed for wu.com
[ERROR] ParamSpider failed for wu.com
[ERROR] Subfinder failed for wu.co
[ERROR] No subdomains found for wu.co
[ERROR] Gau failed for wu.co
[ERROR] Arjun failed for wu.co
[ERROR] Dalfox failed for wu.co
[ERROR] ParamSpider failed for wu.co
[ERROR] Subfinder failed for wu.tech
[ERROR] No subdomains found for wu.tech
[ERROR] Gau failed for wu.tech
[ERROR] Arjun failed for wu.tech
[ERROR] Dalfox failed for wu.tech
[ERROR] ParamSpider failed for wu.tech
[ERROR] Subfinder failed for wu.net
[ERROR] No subdomains found for wu.net
[ERROR] Gau failed for wu.net
[ERROR] Arjun failed for wu.net
[ERROR] Dalfox failed for wu.net
[ERROR] ParamSpider failed for wu.net
[ERROR] Subfinder failed for wu.org
[ERROR] No subdomains found for wu.org
[ERROR] Gau failed for wu.org
[ERROR] Arjun failed for wu.org
[ERROR] Dalfox failed for wu.org
[ERROR] ParamSpider failed for wu.org
[ERROR] Subfinder failed for wu.club
[ERROR] No subdomains found for wu.club
[ERROR] Gau failed for wu.club
[ERROR] Arjun failed for wu.club
[ERROR] Dalfox failed for wu.club
[ERROR] ParamSpider failed for wu.club
[ERROR] Subfinder failed for wu.design
[ERROR] No subdomains found for wu.design
[ERROR] Gau failed for wu.design
[ERROR] Arjun failed for wu.design
[ERROR] Dalfox failed for wu.design
[ERROR] ParamSpider failed for wu.design
[ERROR] Subfinder failed for wu.io
[ERROR] No subdomains found for wu.io
[ERROR] Gau failed for wu.io
[ERROR] Arjun failed for wu.io
[ERROR] Dalfox failed for wu.io
[ERROR] ParamSpider failed for wu.io
[ERROR] Subfinder failed for wu.ca
[ERROR] No subdomains found for wu.ca
[ERROR] Gau failed for wu.ca
[ERROR] Arjun failed for wu.ca
[ERROR] Dalfox failed for wu.ca
[ERROR] ParamSpider failed for wu.ca
[ERROR] Subfinder failed for wu.ac
[ERROR] No subdomains found for wu.ac
[ERROR] Gau failed for wu.ac
[ERROR] Arjun failed for wu.ac
[ERROR] Dalfox failed for wu.ac
[ERROR] ParamSpider failed for wu.ac
[ERROR] Subfinder failed for wu.ae.org
[ERROR] No subdomains found for wu.ae.org
[ERROR] Gau failed for wu.ae.org
[ERROR] Arjun failed for wu.ae.org
[ERROR] Dalfox failed for wu.ae.org
[ERROR] ParamSpider failed for wu.ae.org
[ERROR] Subfinder failed for wu.ai
[ERROR] No subdomains found for wu.ai
[ERROR] Gau failed for wu.ai
[ERROR] Arjun failed for wu.ai
[ERROR] Dalfox failed for wu.ai
[ERROR] ParamSpider failed for wu.ai
[ERROR] Subfinder failed for wu.am
[ERROR] No subdomains found for wu.am
[ERROR] Gau failed for wu.am
[ERROR] Arjun failed for wu.am
[ERROR] Dalfox failed for wu.am
[ERROR] ParamSpider failed for wu.am
[ERROR] Subfinder failed for wu.at
[ERROR] No subdomains found for wu.at
[ERROR] Gau failed for wu.at
[ERROR] Arjun failed for wu.at
[ERROR] Dalfox failed for wu.at
[ERROR] ParamSpider failed for wu.at
[ERROR] Subfinder failed for wu.attorney
[ERROR] No subdomains found for wu.attorney
[ERROR] Gau failed for wu.attorney
[ERROR] Arjun failed for wu.attorney
[ERROR] Dalfox failed for wu.attorney
[ERROR] ParamSpider failed for wu.attorney
[ERROR] Subfinder failed for wu.com.au
[ERROR] No subdomains found for wu.com.au
[ERROR] Gau failed for wu.com.au
[ERROR] Arjun failed for wu.com.au
[ERROR] Dalfox failed for wu.com.au
[ERROR] ParamSpider failed for wu.com.au
[ERROR] Subfinder failed for wu.id.au
[ERROR] No subdomains found for wu.id.au
[ERROR] Gau failed for wu.id.au
[ERROR] Arjun failed for wu.id.au
[ERROR] Dalfox failed for wu.id.au
[ERROR] ParamSpider failed for wu.id.au
[ERROR] Subfinder failed for wu.net.au
[ERROR] No subdomains found for wu.net.au
[ERROR] Gau failed for wu.net.au
[ERROR] Arjun failed for wu.net.au
[ERROR] Dalfox failed for wu.net.au
[ERROR] ParamSpider failed for wu.net.au
[ERROR] Subfinder failed for wu.be
[ERROR] No subdomains found for wu.be
[ERROR] Gau failed for wu.be
[ERROR] Arjun failed for wu.be
[ERROR] Dalfox failed for wu.be
[ERROR] ParamSpider failed for wu.be
[ERROR] Subfinder failed for wu.biz
[ERROR] No subdomains found for wu.biz
[ERROR] Gau failed for wu.biz
[ERROR] Arjun failed for wu.biz
[ERROR] Dalfox failed for wu.biz
[ERROR] ParamSpider failed for wu.biz
[ERROR] Subfinder failed for wu.br.com
[ERROR] No subdomains found for wu.br.com
[ERROR] Gau failed for wu.br.com
[ERROR] Arjun failed for wu.br.com
[ERROR] Dalfox failed for wu.br.com
[ERROR] ParamSpider failed for wu.br.com
[ERROR] Subfinder failed for wu.cc
[ERROR] No subdomains found for wu.cc
[ERROR] Gau failed for wu.cc
[ERROR] Arjun failed for wu.cc
[ERROR] Dalfox failed for wu.cc
[ERROR] ParamSpider failed for wu.cc
[ERROR] Subfinder failed for wu.cl
[ERROR] No subdomains found for wu.cl
[ERROR] Gau failed for wu.cl
[ERROR] Arjun failed for wu.cl
[ERROR] Dalfox failed for wu.cl
[ERROR] ParamSpider failed for wu.cl
[ERROR] Subfinder failed for wu.cn.com
[ERROR] No subdomains found for wu.cn.com
[ERROR] Gau failed for wu.cn.com
[ERROR] Arjun failed for wu.cn.com
[ERROR] Dalfox failed for wu.cn.com
[ERROR] ParamSpider failed for wu.cn.com
[ERROR] Subfinder failed for wu.codes
[ERROR] No subdomains found for wu.codes
[ERROR] Gau failed for wu.codes
[ERROR] Arjun failed for wu.codes
[ERROR] Dalfox failed for wu.codes
[ERROR] ParamSpider failed for wu.codes
[ERROR] Subfinder failed for wu.cool
[ERROR] No subdomains found for wu.cool
[ERROR] Gau failed for wu.cool
[ERROR] Arjun failed for wu.cool
[ERROR] Dalfox failed for wu.cool
[ERROR] ParamSpider failed for wu.cool
[ERROR] Subfinder failed for wu.country
[ERROR] No subdomains found for wu.country
[ERROR] Gau failed for wu.country
[ERROR] Arjun failed for wu.country
[ERROR] Dalfox failed for wu.country
[ERROR] ParamSpider failed for wu.country
[ERROR] Subfinder failed for wu.cx
[ERROR] No subdomains found for wu.cx
[ERROR] Gau failed for wu.cx
[ERROR] Arjun failed for wu.cx
[ERROR] Dalfox failed for wu.cx
[ERROR] ParamSpider failed for wu.cx
[ERROR] Subfinder failed for wu.cz
[ERROR] No subdomains found for wu.cz
[ERROR] Gau failed for wu.cz
[ERROR] Arjun failed for wu.cz
[ERROR] Dalfox failed for wu.cz
[ERROR] ParamSpider failed for wu.cz
[ERROR] Subfinder failed for wu.de
[ERROR] No subdomains found for wu.de
[ERROR] Gau failed for wu.de
[ERROR] Arjun failed for wu.de
[ERROR] Dalfox failed for wu.de
[ERROR] ParamSpider failed for wu.de
[ERROR] Subfinder failed for wu.delivery
[ERROR] No subdomains found for wu.delivery
[ERROR] Gau failed for wu.delivery
[ERROR] Arjun failed for wu.delivery
[ERROR] Dalfox failed for wu.delivery
[ERROR] ParamSpider failed for wu.delivery
[ERROR] Subfinder failed for wu.digital
[ERROR] No subdomains found for wu.digital
[ERROR] Subfinder failed for wu.com
[ERROR] HTTPX failed for wu.com
[ERROR] Gau failed for wu.com
[ERROR] Arjun failed for wu.com
[ERROR] Dalfox failed for wu.com
[ERROR] ParamSpider failed for wu.com
[ERROR] Subfinder failed for wu.co
[ERROR] No subdomains found for wu.co
[ERROR] Gau failed for wu.co
[ERROR] Arjun failed for wu.co
[ERROR] Dalfox failed for wu.co
[ERROR] ParamSpider failed for wu.co
[ERROR] Subfinder failed for wu.tech
[ERROR] No subdomains found for wu.tech
[ERROR] Gau failed for wu.tech
[ERROR] Arjun failed for wu.tech
[ERROR] Dalfox failed for wu.tech
[ERROR] ParamSpider failed for wu.tech
[ERROR] Subfinder failed for wu.net
[ERROR] No subdomains found for wu.net
[ERROR] Gau failed for wu.net
[ERROR] Arjun failed for wu.net
[ERROR] Dalfox failed for wu.net
[ERROR] ParamSpider failed for wu.net
[ERROR] Subfinder failed for wu.org
[ERROR] No subdomains found for wu.org
[ERROR] Gau failed for wu.org
[ERROR] Arjun failed for wu.org
[ERROR] Dalfox failed for wu.org
[ERROR] ParamSpider failed for wu.org
[ERROR] Subfinder failed for wu.club
[ERROR] No subdomains found for wu.club
[ERROR] Gau failed for wu.club
[ERROR] Arjun failed for wu.club
[ERROR] Dalfox failed for wu.club
[ERROR] ParamSpider failed for wu.club
[ERROR] Subfinder failed for wu.design
[ERROR] No subdomains found for wu.design
[ERROR] Gau failed for wu.design
[ERROR] Arjun failed for wu.design
[ERROR] Dalfox failed for wu.design
[ERROR] ParamSpider failed for wu.design
[ERROR] Subfinder failed for wu.io
[ERROR] No subdomains found for wu.io
[ERROR] Gau failed for wu.io
[ERROR] Arjun failed for wu.io
[ERROR] Dalfox failed for wu.io
[ERROR] ParamSpider failed for wu.io
[ERROR] Subfinder failed for wu.ca
[ERROR] No subdomains found for wu.ca
[ERROR] Gau failed for wu.ca
[ERROR] Arjun failed for wu.ca
[ERROR] Dalfox failed for wu.ca
[ERROR] ParamSpider failed for wu.ca
[ERROR] Subfinder failed for wu.ac
[ERROR] No subdomains found for wu.ac
[ERROR] Gau failed for wu.ac
[ERROR] Arjun failed for wu.ac
[ERROR] Dalfox failed for wu.ac
[ERROR] ParamSpider failed for wu.ac
[ERROR] Subfinder failed for wu.ae.org
[ERROR] No subdomains found for wu.ae.org
[ERROR] Gau failed for wu.ae.org
[ERROR] Arjun failed for wu.ae.org
[ERROR] Dalfox failed for wu.ae.org
[ERROR] ParamSpider failed for wu.ae.org
[ERROR] Subfinder failed for wu.ai
[ERROR] No subdomains found for wu.ai
[ERROR] Gau failed for wu.ai
[ERROR] Arjun failed for wu.ai
[ERROR] Dalfox failed for wu.ai
[ERROR] ParamSpider failed for wu.ai
[ERROR] Subfinder failed for wu.am
[ERROR] No subdomains found for wu.am
[ERROR] Gau failed for wu.am
[ERROR] Arjun failed for wu.am
[ERROR] Dalfox failed for wu.am
[ERROR] ParamSpider failed for wu.am
[ERROR] Subfinder failed for wu.at
[ERROR] No subdomains found for wu.at
[ERROR] Gau failed for wu.at
[ERROR] Arjun failed for wu.at
[ERROR] Dalfox failed for wu.at
[ERROR] ParamSpider failed for wu.at
[ERROR] Subfinder failed for wu.com.au
[ERROR] No subdomains found for wu.com.au
[ERROR] Gau failed for wu.com.au
[ERROR] Arjun failed for wu.com.au
[ERROR] Dalfox failed for wu.com.au
[ERROR] ParamSpider failed for wu.com.au
[ERROR] Subfinder failed for wu.id.au
[ERROR] No subdomains found for wu.id.au
[ERROR] Gau failed for wu.id.au
[ERROR] Arjun failed for wu.id.au
[ERROR] Dalfox failed for wu.id.au
[ERROR] ParamSpider failed for wu.id.au
[ERROR] Subfinder failed for wu.net.au
[ERROR] No subdomains found for wu.net.au
[ERROR] Gau failed for wu.net.au
[ERROR] Arjun failed for wu.net.au
[ERROR] Dalfox failed for wu.net.au
[ERROR] ParamSpider failed for wu.net.au
[ERROR] Subfinder failed for wu.bayern
[ERROR] No subdomains found for wu.bayern
[ERROR] Gau failed for wu.bayern
[ERROR] Arjun failed for wu.bayern
[ERROR] Dalfox failed for wu.bayern
[ERROR] ParamSpider failed for wu.bayern
[ERROR] Subfinder failed for wu.be
[ERROR] No subdomains found for wu.be
[ERROR] Gau failed for wu.be
[ERROR] Arjun failed for wu.be
[ERROR] Dalfox failed for wu.be
[ERROR] ParamSpider failed for wu.be
[ERROR] Subfinder failed for wu.biz
[ERROR] No subdomains found for wu.biz
[ERROR] Gau failed for wu.biz
[ERROR] Arjun failed for wu.biz
[ERROR] Dalfox failed for wu.biz
[ERROR] ParamSpider failed for wu.biz
[ERROR] Subfinder failed for wu.br.com
[ERROR] No subdomains found for wu.br.com
[ERROR] Gau failed for wu.br.com
[ERROR] Arjun failed for wu.br.com
[ERROR] Dalfox failed for wu.br.com
[ERROR] ParamSpider failed for wu.br.com
[ERROR] Subfinder failed for wu.cc
[ERROR] No subdomains found for wu.cc
[ERROR] Gau failed for wu.cc
[ERROR] Arjun failed for wu.cc
[ERROR] Dalfox failed for wu.cc
[ERROR] ParamSpider failed for wu.cc
[ERROR] Subfinder failed for wu.cl
[ERROR] No subdomains found for wu.cl
[ERROR] Gau failed for wu.cl
[ERROR] Arjun failed for wu.cl
[ERROR] Dalfox failed for wu.cl
[ERROR] ParamSpider failed for wu.cl
[ERROR] Subfinder failed for wu.cn.com
[ERROR] No subdomains found for wu.cn.com
[ERROR] Gau failed for wu.cn.com
[ERROR] Arjun failed for wu.cn.com
[ERROR] Dalfox failed for wu.cn.com
[ERROR] ParamSpider failed for wu.cn.com
[ERROR] Subfinder failed for wu.codes
[ERROR] No subdomains found for wu.codes
[ERROR] Gau failed for wu.codes
[ERROR] Arjun failed for wu.codes
[ERROR] Dalfox failed for wu.codes
[ERROR] ParamSpider failed for wu.codes
[ERROR] Subfinder failed for wu.cool
[ERROR] No subdomains found for wu.cool
[ERROR] Gau failed for wu.cool
[ERROR] Arjun failed for wu.cool
[ERROR] Dalfox failed for wu.cool
[ERROR] ParamSpider failed for wu.cool
[ERROR] Subfinder failed for wu.country
[ERROR] No subdomains found for wu.country
[ERROR] Gau failed for wu.country
[ERROR] Arjun failed for wu.country
[ERROR] Dalfox failed for wu.country
[ERROR] ParamSpider failed for wu.country
[ERROR] Subfinder failed for wu.cx
[ERROR] No subdomains found for wu.cx
[ERROR] Gau failed for wu.cx
[ERROR] Arjun failed for wu.cx
[ERROR] Dalfox failed for wu.cx
[ERROR] ParamSpider failed for wu.cx
[ERROR] Subfinder failed for wu.cz
[ERROR] No subdomains found for wu.cz
[ERROR] Gau failed for wu.cz
[ERROR] Arjun failed for wu.cz
[ERROR] Dalfox failed for wu.cz
[ERROR] ParamSpider failed for wu.cz
[ERROR] Subfinder failed for wu.de
[ERROR] No subdomains found for wu.de
[ERROR] Gau failed for wu.de
[ERROR] Arjun failed for wu.de
[ERROR] Dalfox failed for wu.de
[ERROR] ParamSpider failed for wu.de
[ERROR] Subfinder failed for wu.delivery
[ERROR] No subdomains found for wu.delivery
[ERROR] Gau failed for wu.delivery
[ERROR] Arjun failed for wu.delivery
[ERROR] Dalfox failed for wu.delivery
[ERROR] ParamSpider failed for wu.delivery
[ERROR] Subfinder failed for wu.digital
[ERROR] No subdomains found for wu.digital
[ERROR] Gau failed for wu.digital
[ERROR] Arjun failed for wu.digital
[ERROR] Dalfox failed for wu.digital
[ERROR] ParamSpider failed for wu.digital
[ERROR] Subfinder failed for wu.dk
[ERROR] No subdomains found for wu.dk
[ERROR] Gau failed for wu.dk
[ERROR] Arjun failed for wu.dk
[ERROR] Dalfox failed for wu.dk
[ERROR] ParamSpider failed for wu.dk
[ERROR] Subfinder failed for wu.education
[ERROR] No subdomains found for wu.education
[ERROR] Gau failed for wu.education
[ERROR] Arjun failed for wu.education
[ERROR] Dalfox failed for wu.education
[ERROR] ParamSpider failed for wu.education
[ERROR] Subfinder failed for wu.engineer
[ERROR] No subdomains found for wu.engineer
[ERROR] Gau failed for wu.engineer
[ERROR] Arjun failed for wu.engineer
[ERROR] Dalfox failed for wu.engineer
[ERROR] ParamSpider failed for wu.engineer
[ERROR] Subfinder failed for wu.eu
[ERROR] No subdomains found for wu.eu
[ERROR] Gau failed for wu.eu
[ERROR] Arjun failed for wu.eu
[ERROR] Dalfox failed for wu.eu
[ERROR] ParamSpider failed for wu.eu
[ERROR] Subfinder failed for wu.eu.com
[ERROR] No subdomains found for wu.eu.com
[ERROR] Gau failed for wu.eu.com
[ERROR] Arjun failed for wu.eu.com
[ERROR] Dalfox failed for wu.eu.com
[ERROR] ParamSpider failed for wu.eu.com
[ERROR] Subfinder failed for wu.family
[ERROR] No subdomains found for wu.family
[ERROR] Gau failed for wu.family
[ERROR] Arjun failed for wu.family
[ERROR] Dalfox failed for wu.family
[ERROR] ParamSpider failed for wu.family
[ERROR] Subfinder failed for wu.fi
[ERROR] No subdomains found for wu.fi
[ERROR] Gau failed for wu.fi
[ERROR] Arjun failed for wu.fi
[ERROR] Dalfox failed for wu.fi
[ERROR] ParamSpider failed for wu.fi
[ERROR] Subfinder failed for wu.fit
[ERROR] No subdomains found for wu.fit
[ERROR] Gau failed for wu.fit
[ERROR] Arjun failed for wu.fit
[ERROR] Dalfox failed for wu.fit
[ERROR] ParamSpider failed for wu.fit
[ERROR] Subfinder failed for wu.fr
[ERROR] No subdomains found for wu.fr
[ERROR] Gau failed for wu.fr
[ERROR] Arjun failed for wu.fr
[ERROR] Dalfox failed for wu.fr
[ERROR] ParamSpider failed for wu.fr
[ERROR] Subfinder failed for wu.gallery
[ERROR] No subdomains found for wu.gallery
[ERROR] Gau failed for wu.gallery
[ERROR] Arjun failed for wu.gallery
[ERROR] Dalfox failed for wu.gallery
[ERROR] ParamSpider failed for wu.gallery
[ERROR] Subfinder failed for wu.gl
[ERROR] No subdomains found for wu.gl
[ERROR] Gau failed for wu.gl
[ERROR] Arjun failed for wu.gl
[ERROR] Dalfox failed for wu.gl
[ERROR] ParamSpider failed for wu.gl
[ERROR] Subfinder failed for wu.gs
[ERROR] No subdomains found for wu.gs
[ERROR] Gau failed for wu.gs
[ERROR] Arjun failed for wu.gs
[ERROR] Dalfox failed for wu.gs
[ERROR] ParamSpider failed for wu.gs
[ERROR] Subfinder failed for wu.id
[ERROR] No subdomains found for wu.id
[ERROR] Gau failed for wu.id
[ERROR] Arjun failed for wu.id
[ERROR] Dalfox failed for wu.id
[ERROR] ParamSpider failed for wu.id
[ERROR] Subfinder failed for wu.ink
[ERROR] No subdomains found for wu.ink
[ERROR] Gau failed for wu.ink
[ERROR] Arjun failed for wu.ink
[ERROR] Dalfox failed for wu.ink
[ERROR] ParamSpider failed for wu.ink
[ERROR] Subfinder failed for wu.is
[ERROR] No subdomains found for wu.is
[ERROR] Gau failed for wu.is
[ERROR] Arjun failed for wu.is
[ERROR] Dalfox failed for wu.is
[ERROR] ParamSpider failed for wu.is
[ERROR] Subfinder failed for wu.jpn.com
[ERROR] No subdomains found for wu.jpn.com
[ERROR] Gau failed for wu.jpn.com
[ERROR] Arjun failed for wu.jpn.com
[ERROR] Dalfox failed for wu.jpn.com
[ERROR] ParamSpider failed for wu.jpn.com
[ERROR] Subfinder failed for wu.la
[ERROR] No subdomains found for wu.la
[ERROR] Gau failed for wu.la
[ERROR] Arjun failed for wu.la
[ERROR] Dalfox failed for wu.la
[ERROR] ParamSpider failed for wu.la
[ERROR] Subfinder failed for wu.lc
[ERROR] No subdomains found for wu.lc
[ERROR] Gau failed for wu.lc
[ERROR] Arjun failed for wu.lc
[ERROR] Dalfox failed for wu.lc
[ERROR] ParamSpider failed for wu.lc
[ERROR] Subfinder failed for wu.life
[ERROR] No subdomains found for wu.life
[ERROR] Gau failed for wu.life
[ERROR] Arjun failed for wu.life
[ERROR] Dalfox failed for wu.life
[ERROR] ParamSpider failed for wu.life
[ERROR] Subfinder failed for wu.lt
[ERROR] No subdomains found for wu.lt
[ERROR] Gau failed for wu.lt
[ERROR] Arjun failed for wu.lt
[ERROR] Dalfox failed for wu.lt
[ERROR] ParamSpider failed for wu.lt
[ERROR] Subfinder failed for wu.lu
[ERROR] No subdomains found for wu.lu
[ERROR] Gau failed for wu.lu
[ERROR] Arjun failed for wu.lu
[ERROR] Dalfox failed for wu.lu
[ERROR] ParamSpider failed for wu.lu
[ERROR] Subfinder failed for wu.lv
[ERROR] No subdomains found for wu.lv
[ERROR] Gau failed for wu.lv
[ERROR] Arjun failed for wu.lv
[ERROR] Dalfox failed for wu.lv
[ERROR] ParamSpider failed for wu.lv
[ERROR] Subfinder failed for wu.media
[ERROR] No subdomains found for wu.media
[ERROR] Gau failed for wu.media
[ERROR] Arjun failed for wu.media
[ERROR] Dalfox failed for wu.media
[ERROR] ParamSpider failed for wu.media
[ERROR] Subfinder failed for wu.ms
[ERROR] No subdomains found for wu.ms
[ERROR] Gau failed for wu.ms
[ERROR] Arjun failed for wu.ms
[ERROR] Dalfox failed for wu.ms
[ERROR] ParamSpider failed for wu.ms
[ERROR] Subfinder failed for wu.nl
[ERROR] No subdomains found for wu.nl
[ERROR] Gau failed for wu.nl
[ERROR] Arjun failed for wu.nl
[ERROR] Dalfox failed for wu.nl
[ERROR] ParamSpider failed for wu.nl
[ERROR] Subfinder failed for wu.nu
[ERROR] No subdomains found for wu.nu
[ERROR] Gau failed for wu.nu
[ERROR] Arjun failed for wu.nu
[ERROR] Dalfox failed for wu.nu
[ERROR] ParamSpider failed for wu.nu
[ERROR] Subfinder failed for wu.net.nz
[ERROR] No subdomains found for wu.net.nz
[ERROR] Gau failed for wu.net.nz
[ERROR] Arjun failed for wu.net.nz
[ERROR] Dalfox failed for wu.net.nz
[ERROR] ParamSpider failed for wu.net.nz
[ERROR] Subfinder failed for wu.nz
[ERROR] No subdomains found for wu.nz
[ERROR] Gau failed for wu.nz
[ERROR] Arjun failed for wu.nz
[ERROR] Dalfox failed for wu.nz
[ERROR] ParamSpider failed for wu.nz
[ERROR] Subfinder failed for wu.pe
[ERROR] No subdomains found for wu.pe
[ERROR] Gau failed for wu.pe
[ERROR] Arjun failed for wu.pe
[ERROR] Dalfox failed for wu.pe
[ERROR] ParamSpider failed for wu.pe
[ERROR] Subfinder failed for wu.ph
[ERROR] No subdomains found for wu.ph
[ERROR] Gau failed for wu.ph
[ERROR] Arjun failed for wu.ph
[ERROR] Dalfox failed for wu.ph
[ERROR] ParamSpider failed for wu.ph
[ERROR] Subfinder failed for wu.pl
[ERROR] No subdomains found for wu.pl
[ERROR] Gau failed for wu.pl
[ERROR] Arjun failed for wu.pl
[ERROR] Dalfox failed for wu.pl
[ERROR] ParamSpider failed for wu.pl
[ERROR] Subfinder failed for wu.plus
[ERROR] No subdomains found for wu.plus
[ERROR] Gau failed for wu.plus
[ERROR] Arjun failed for wu.plus
[ERROR] Dalfox failed for wu.plus
[ERROR] ParamSpider failed for wu.plus
[ERROR] Subfinder failed for wu.pt
[ERROR] No subdomains found for wu.pt
[ERROR] Gau failed for wu.pt
[ERROR] Arjun failed for wu.pt
[ERROR] Dalfox failed for wu.pt
[ERROR] ParamSpider failed for wu.pt
[ERROR] Subfinder failed for wu.run
[ERROR] No subdomains found for wu.run
[ERROR] Gau failed for wu.run
[ERROR] Arjun failed for wu.run
[ERROR] Dalfox failed for wu.run
[ERROR] ParamSpider failed for wu.run
[ERROR] Subfinder failed for wu.se
[ERROR] No subdomains found for wu.se
[ERROR] Gau failed for wu.se
[ERROR] Arjun failed for wu.se
[ERROR] Dalfox failed for wu.se
[ERROR] ParamSpider failed for wu.se
[ERROR] Subfinder failed for wu.sg
[ERROR] No subdomains found for wu.sg
[ERROR] Gau failed for wu.sg
[ERROR] Arjun failed for wu.sg
[ERROR] Dalfox failed for wu.sg
[ERROR] ParamSpider failed for wu.sg
[ERROR] Subfinder failed for wu.sh
[ERROR] No subdomains found for wu.sh
[ERROR] Gau failed for wu.sh
[ERROR] Arjun failed for wu.sh
[ERROR] Dalfox failed for wu.sh
[ERROR] ParamSpider failed for wu.sh
[ERROR] Subfinder failed for wu.solar
[ERROR] No subdomains found for wu.solar
[ERROR] Gau failed for wu.solar
[ERROR] Arjun failed for wu.solar
[ERROR] Dalfox failed for wu.solar
[ERROR] ParamSpider failed for wu.solar
[ERROR] Subfinder failed for wu.studio
[ERROR] No subdomains found for wu.studio
[ERROR] Gau failed for wu.studio
[ERROR] Arjun failed for wu.studio
[ERROR] Dalfox failed for wu.studio
[ERROR] ParamSpider failed for wu.studio
[ERROR] Subfinder failed for wu.team
[ERROR] No subdomains found for wu.team
[ERROR] Gau failed for wu.team
[ERROR] Arjun failed for wu.team
[ERROR] Dalfox failed for wu.team
[ERROR] ParamSpider failed for wu.team
[ERROR] Subfinder failed for wu.tel
[ERROR] No subdomains found for wu.tel
[ERROR] Gau failed for wu.tel
[ERROR] Arjun failed for wu.tel
[ERROR] Dalfox failed for wu.tel
[ERROR] ParamSpider failed for wu.tel
[ERROR] Subfinder failed for wu.to
[ERROR] No subdomains found for wu.to
[ERROR] Gau failed for wu.to
[ERROR] Arjun failed for wu.to
[ERROR] Dalfox failed for wu.to
[ERROR] ParamSpider failed for wu.to
[ERROR] Subfinder failed for wu.tv
[ERROR] No subdomains found for wu.tv
[ERROR] Gau failed for wu.tv
[ERROR] Arjun failed for wu.tv
[ERROR] Dalfox failed for wu.tv
[ERROR] ParamSpider failed for wu.tv
[ERROR] Subfinder failed for wu.org.uk
[ERROR] No subdomains found for wu.org.uk
[ERROR] Gau failed for wu.org.uk
[ERROR] Arjun failed for wu.org.uk
[ERROR] Dalfox failed for wu.org.uk
[ERROR] ParamSpider failed for wu.org.uk
[ERROR] Subfinder failed for wu.me.uk
[ERROR] No subdomains found for wu.me.uk
[ERROR] Gau failed for wu.me.uk
[ERROR] Arjun failed for wu.me.uk
[ERROR] Dalfox failed for wu.me.uk
[ERROR] ParamSpider failed for wu.me.uk
[ERROR] Subfinder failed for wu.uk
[ERROR] No subdomains found for wu.uk
[ERROR] Gau failed for wu.uk
[ERROR] Arjun failed for wu.uk
[ERROR] Dalfox failed for wu.uk
[ERROR] ParamSpider failed for wu.uk
[ERROR] Subfinder failed for wu.uk.com
[ERROR] No subdomains found for wu.uk.com
[ERROR] Gau failed for wu.uk.com
[ERROR] Arjun failed for wu.uk.com
[ERROR] Dalfox failed for wu.uk.com
[ERROR] ParamSpider failed for wu.uk.com
[ERROR] Subfinder failed for wu.us.com
[ERROR] No subdomains found for wu.us.com
[ERROR] Gau failed for wu.us.com
[ERROR] Arjun failed for wu.us.com
[ERROR] Dalfox failed for wu.us.com
[ERROR] ParamSpider failed for wu.us.com
[ERROR] Subfinder failed for wu.vc
[ERROR] No subdomains found for wu.vc
[ERROR] Gau failed for wu.vc
[ERROR] Arjun failed for wu.vc
[ERROR] Dalfox failed for wu.vc
[ERROR] ParamSpider failed for wu.vc
[ERROR] Subfinder failed for wu.vip
[ERROR] No subdomains found for wu.vip
[ERROR] Gau failed for wu.vip
[ERROR] Arjun failed for wu.vip
[ERROR] Dalfox failed for wu.vip
[ERROR] ParamSpider failed for wu.vip
[ERROR] Subfinder failed for wu.wiki
[ERROR] No subdomains found for wu.wiki
[ERROR] Gau failed for wu.wiki
[ERROR] Arjun failed for wu.wiki
[ERROR] Dalfox failed for wu.wiki
[ERROR] ParamSpider failed for wu.wiki
[ERROR] Subfinder failed for wu.work
[ERROR] No subdomains found for wu.work
[ERROR] Gau failed for wu.work
[ERROR] Arjun failed for wu.work
[ERROR] Dalfox failed for wu.work
[ERROR] ParamSpider failed for wu.work
[ERROR] Subfinder failed for wu.world
[ERROR] No subdomains found for wu.world
[ERROR] Gau failed for wu.world
[ERROR] Arjun failed for wu.world
[ERROR] Dalfox failed for wu.world
[ERROR] ParamSpider failed for wu.world
[ERROR] Subfinder failed for wu.ws
[ERROR] No subdomains found for wu.ws
[ERROR] Gau failed for wu.ws
[ERROR] Arjun failed for wu.ws
[ERROR] Dalfox failed for wu.ws
[ERROR] ParamSpider failed for wu.ws
[ERROR] Subfinder failed for wu.co.za
[ERROR] No subdomains found for wu.co.za
[ERROR] Gau failed for wu.co.za
[ERROR] Arjun failed for wu.co.za
[ERROR] Dalfox failed for wu.co.za
[ERROR] ParamSpider failed for wu.co.za
[ERROR] Subfinder failed for wu.zone
[ERROR] No subdomains found for wu.zone
[ERROR] Gau failed for wu.zone
[ERROR] Arjun failed for wu.zone
[ERROR] Dalfox failed for wu.zone
[ERROR] ParamSpider failed for wu.zone
[ERROR] Subfinder failed for xhomeapi-cloud.comcast.net
[ERROR] No subdomains found for xhomeapi-cloud.comcast.net
[ERROR] Gau failed for xhomeapi-cloud.comcast.net
[ERROR] Arjun failed for xhomeapi-cloud.comcast.net
[ERROR] Dalfox failed for xhomeapi-cloud.comcast.net
[ERROR] ParamSpider failed for xhomeapi-cloud.comcast.net
